{"D:\\Claude\\A16\\backend\\src\\models\\Score.model.ts": {"path":"D:\\Claude\\A16\\backend\\src\\models\\Score.model.ts","statementMap":{"0":{"start":{"line":1,"column":0},"end":{"line":1,"column":38}},"1":{"start":{"line":20,"column":16},"end":{"line":26,"column":6}},"2":{"start":{"line":27,"column":19},"end":{"line":35,"column":6}},"3":{"start":{"line":36,"column":4},"end":{"line":36,"column":18}},"4":{"start":{"line":40,"column":16},"end":{"line":45,"column":6}},"5":{"start":{"line":46,"column":19},"end":{"line":46,"column":55}},"6":{"start":{"line":47,"column":4},"end":{"line":47,"column":18}},"7":{"start":{"line":51,"column":16},"end":{"line":64,"column":6}},"8":{"start":{"line":65,"column":20},"end":{"line":65,"column":47}},"9":{"start":{"line":66,"column":4},"end":{"line":66,"column":19}},"10":{"start":{"line":70,"column":16},"end":{"line":75,"column":6}},"11":{"start":{"line":76,"column":19},"end":{"line":76,"column":55}},"12":{"start":{"line":77,"column":4},"end":{"line":77,"column":18}},"13":{"start":{"line":81,"column":16},"end":{"line":81,"column":49}},"14":{"start":{"line":82,"column":4},"end":{"line":82,"column":32}},"15":{"start":{"line":18,"column":0},"end":{"line":18,"column":13}},"16":{"start":{"line":86,"column":0},"end":{"line":86,"column":26}}},"fnMap":{"0":{"name":"(anonymous_1)","decl":{"start":{"line":19,"column":2},"end":{"line":19,"column":8}},"loc":{"start":{"line":19,"column":61},"end":{"line":37,"column":3}}},"1":{"name":"(anonymous_2)","decl":{"start":{"line":39,"column":2},"end":{"line":39,"column":8}},"loc":{"start":{"line":39,"column":62},"end":{"line":48,"column":3}}},"2":{"name":"(anonymous_3)","decl":{"start":{"line":50,"column":2},"end":{"line":50,"column":8}},"loc":{"start":{"line":50,"column":48},"end":{"line":67,"column":3}}},"3":{"name":"(anonymous_4)","decl":{"start":{"line":69,"column":2},"end":{"line":69,"column":8}},"loc":{"start":{"line":69,"column":65},"end":{"line":78,"column":3}}},"4":{"name":"(anonymous_5)","decl":{"start":{"line":80,"column":2},"end":{"line":80,"column":8}},"loc":{"start":{"line":80,"column":36},"end":{"line":83,"column":3}}}},"branchMap":{"0":{"loc":{"start":{"line":39,"column":44},"end":{"line":39,"column":62}},"type":"default-arg","locations":[{"start":{"line":39,"column":60},"end":{"line":39,"column":62}}]},"1":{"loc":{"start":{"line":69,"column":47},"end":{"line":69,"column":65}},"type":"default-arg","locations":[{"start":{"line":69,"column":63},"end":{"line":69,"column":65}}]}},"s":{"0":0,"1":0,"2":0,"3":0,"4":0,"5":0,"6":0,"7":0,"8":0,"9":0,"10":0,"11":0,"12":0,"13":0,"14":0,"15":0,"16":0},"f":{"0":0,"1":0,"2":0,"3":0,"4":0},"b":{"0":[0],"1":[0]}}
,"D:\\Claude\\A16\\backend\\src\\models\\User.model.ts": {"path":"D:\\Claude\\A16\\backend\\src\\models\\User.model.ts","statementMap":{"0":{"start":{"line":1,"column":0},"end":{"line":1,"column":38}},"1":{"start":{"line":13,"column":16},"end":{"line":16,"column":6}},"2":{"start":{"line":17,"column":19},"end":{"line":17,"column":79}},"3":{"start":{"line":18,"column":4},"end":{"line":18,"column":18}},"4":{"start":{"line":22,"column":16},"end":{"line":22,"column":50}},"5":{"start":{"line":23,"column":17},"end":{"line":23,"column":40}},"6":{"start":{"line":24,"column":4},"end":{"line":24,"column":16}},"7":{"start":{"line":28,"column":16},"end":{"line":28,"column":56}},"8":{"start":{"line":29,"column":17},"end":{"line":29,"column":46}},"9":{"start":{"line":30,"column":4},"end":{"line":30,"column":16}},"10":{"start":{"line":34,"column":16},"end":{"line":34,"column":62}},"11":{"start":{"line":35,"column":18},"end":{"line":35,"column":37}},"12":{"start":{"line":36,"column":4},"end":{"line":36,"column":17}},"13":{"start":{"line":40,"column":16},"end":{"line":40,"column":48}},"14":{"start":{"line":41,"column":4},"end":{"line":41,"column":32}},"15":{"start":{"line":11,"column":0},"end":{"line":11,"column":13}},"16":{"start":{"line":45,"column":0},"end":{"line":45,"column":25}}},"fnMap":{"0":{"name":"(anonymous_1)","decl":{"start":{"line":12,"column":2},"end":{"line":12,"column":8}},"loc":{"start":{"line":12,"column":59},"end":{"line":19,"column":3}}},"1":{"name":"(anonymous_2)","decl":{"start":{"line":21,"column":2},"end":{"line":21,"column":8}},"loc":{"start":{"line":21,"column":34},"end":{"line":25,"column":3}}},"2":{"name":"(anonymous_3)","decl":{"start":{"line":27,"column":2},"end":{"line":27,"column":8}},"loc":{"start":{"line":27,"column":46},"end":{"line":31,"column":3}}},"3":{"name":"(anonymous_4)","decl":{"start":{"line":33,"column":2},"end":{"line":33,"column":8}},"loc":{"start":{"line":33,"column":22},"end":{"line":37,"column":3}}},"4":{"name":"(anonymous_5)","decl":{"start":{"line":39,"column":2},"end":{"line":39,"column":8}},"loc":{"start":{"line":39,"column":36},"end":{"line":42,"column":3}}}},"branchMap":{},"s":{"0":0,"1":0,"2":0,"3":0,"4":0,"5":0,"6":0,"7":0,"8":0,"9":0,"10":0,"11":0,"12":0,"13":0,"14":0,"15":0,"16":0},"f":{"0":0,"1":0,"2":0,"3":0,"4":0},"b":{}}
,"D:\\Claude\\A16\\backend\\src\\routes\\index.ts": {"path":"D:\\Claude\\A16\\backend\\src\\routes\\index.ts","statementMap":{"0":{"start":{"line":1,"column":0},"end":{"line":1,"column":30}},"1":{"start":{"line":2,"column":0},"end":{"line":2,"column":39}},"2":{"start":{"line":3,"column":0},"end":{"line":3,"column":41}},"3":{"start":{"line":4,"column":0},"end":{"line":4,"column":47}},"4":{"start":{"line":6,"column":15},"end":{"line":6,"column":31}},"5":{"start":{"line":9,"column":0},"end":{"line":11,"column":3}},"6":{"start":{"line":10,"column":2},"end":{"line":10,"column":55}},"7":{"start":{"line":14,"column":0},"end":{"line":25,"column":3}},"8":{"start":{"line":15,"column":2},"end":{"line":24,"column":5}},"9":{"start":{"line":28,"column":0},"end":{"line":28,"column":33}},"10":{"start":{"line":29,"column":0},"end":{"line":29,"column":35}},"11":{"start":{"line":30,"column":0},"end":{"line":30,"column":41}},"12":{"start":{"line":32,"column":0},"end":{"line":32,"column":22}}},"fnMap":{"0":{"name":"(anonymous_1)","decl":{"start":{"line":9,"column":22},"end":{"line":9,"column":23}},"loc":{"start":{"line":9,"column":35},"end":{"line":11,"column":1}}},"1":{"name":"(anonymous_2)","decl":{"start":{"line":14,"column":16},"end":{"line":14,"column":17}},"loc":{"start":{"line":14,"column":29},"end":{"line":25,"column":1}}}},"branchMap":{},"s":{"0":0,"1":0,"2":0,"3":0,"4":0,"5":0,"6":0,"7":0,"8":0,"9":0,"10":0,"11":0,"12":0},"f":{"0":0,"1":0},"b":{}}
,"D:\\Claude\\A16\\backend\\src\\routes\\question.routes.ts": {"path":"D:\\Claude\\A16\\backend\\src\\routes\\question.routes.ts","statementMap":{"0":{"start":{"line":1,"column":0},"end":{"line":1,"column":30}},"1":{"start":{"line":2,"column":0},"end":{"line":2,"column":70}},"2":{"start":{"line":3,"column":0},"end":{"line":3,"column":66}},"3":{"start":{"line":4,"column":0},"end":{"line":4,"column":66}},"4":{"start":{"line":6,"column":15},"end":{"line":6,"column":31}},"5":{"start":{"line":9,"column":0},"end":{"line":37,"column":3}},"6":{"start":{"line":10,"column":2},"end":{"line":36,"column":3}},"7":{"start":{"line":11,"column":38},"end":{"line":11,"column":47}},"8":{"start":{"line":13,"column":30},"end":{"line":13,"column":56}},"9":{"start":{"line":14,"column":28},"end":{"line":14,"column":85}},"10":{"start":{"line":16,"column":4},"end":{"line":18,"column":5}},"11":{"start":{"line":17,"column":6},"end":{"line":17,"column":80}},"12":{"start":{"line":20,"column":4},"end":{"line":22,"column":5}},"13":{"start":{"line":21,"column":6},"end":{"line":21,"column":109}},"14":{"start":{"line":24,"column":21},"end":{"line":26,"column":null}},"15":{"start":{"line":29,"column":4},"end":{"line":32,"column":7}},"16":{"start":{"line":34,"column":4},"end":{"line":34,"column":36}},"17":{"start":{"line":35,"column":4},"end":{"line":35,"column":47}},"18":{"start":{"line":40,"column":0},"end":{"line":61,"column":3}},"19":{"start":{"line":41,"column":2},"end":{"line":60,"column":3}},"20":{"start":{"line":42,"column":42},"end":{"line":42,"column":50}},"21":{"start":{"line":44,"column":4},"end":{"line":46,"column":5}},"22":{"start":{"line":45,"column":6},"end":{"line":45,"column":55}},"23":{"start":{"line":48,"column":22},"end":{"line":48,"column":79}},"24":{"start":{"line":50,"column":21},"end":{"line":50,"column":94}},"25":{"start":{"line":52,"column":4},"end":{"line":56,"column":7}},"26":{"start":{"line":58,"column":4},"end":{"line":58,"column":36}},"27":{"start":{"line":59,"column":4},"end":{"line":59,"column":47}},"28":{"start":{"line":64,"column":0},"end":{"line":89,"column":3}},"29":{"start":{"line":65,"column":2},"end":{"line":88,"column":3}},"30":{"start":{"line":66,"column":64},"end":{"line":66,"column":72}},"31":{"start":{"line":68,"column":4},"end":{"line":70,"column":5}},"32":{"start":{"line":69,"column":6},"end":{"line":69,"column":55}},"33":{"start":{"line":72,"column":18},"end":{"line":76,"column":null}},"34":{"start":{"line":79,"column":24},"end":{"line":79,"column":66}},"35":{"start":{"line":81,"column":4},"end":{"line":84,"column":7}},"36":{"start":{"line":86,"column":4},"end":{"line":86,"column":36}},"37":{"start":{"line":87,"column":4},"end":{"line":87,"column":47}},"38":{"start":{"line":91,"column":0},"end":{"line":91,"column":22}}},"fnMap":{"0":{"name":"(anonymous_1)","decl":{"start":{"line":9,"column":16},"end":{"line":9,"column":17}},"loc":{"start":{"line":9,"column":29},"end":{"line":37,"column":1}}},"1":{"name":"(anonymous_2)","decl":{"start":{"line":40,"column":25},"end":{"line":40,"column":26}},"loc":{"start":{"line":40,"column":38},"end":{"line":61,"column":1}}},"2":{"name":"(anonymous_3)","decl":{"start":{"line":64,"column":32},"end":{"line":64,"column":33}},"loc":{"start":{"line":64,"column":45},"end":{"line":89,"column":1}}}},"branchMap":{"0":{"loc":{"start":{"line":16,"column":4},"end":{"line":18,"column":5}},"type":"if","locations":[{"start":{"line":16,"column":4},"end":{"line":18,"column":5}},{"start":{},"end":{}}]},"1":{"loc":{"start":{"line":16,"column":8},"end":{"line":16,"column":72}},"type":"binary-expr","locations":[{"start":{"line":16,"column":8},"end":{"line":16,"column":19}},{"start":{"line":16,"column":23},"end":{"line":16,"column":72}}]},"2":{"loc":{"start":{"line":20,"column":4},"end":{"line":22,"column":5}},"type":"if","locations":[{"start":{"line":20,"column":4},"end":{"line":22,"column":5}},{"start":{},"end":{}}]},"3":{"loc":{"start":{"line":20,"column":8},"end":{"line":20,"column":68}},"type":"binary-expr","locations":[{"start":{"line":20,"column":8},"end":{"line":20,"column":18}},{"start":{"line":20,"column":22},"end":{"line":20,"column":68}}]},"4":{"loc":{"start":{"line":44,"column":4},"end":{"line":46,"column":5}},"type":"if","locations":[{"start":{"line":44,"column":4},"end":{"line":46,"column":5}},{"start":{},"end":{}}]},"5":{"loc":{"start":{"line":44,"column":8},"end":{"line":44,"column":63}},"type":"binary-expr","locations":[{"start":{"line":44,"column":8},"end":{"line":44,"column":32}},{"start":{"line":44,"column":36},"end":{"line":44,"column":63}}]},"6":{"loc":{"start":{"line":68,"column":4},"end":{"line":70,"column":5}},"type":"if","locations":[{"start":{"line":68,"column":4},"end":{"line":70,"column":5}},{"start":{},"end":{}}]},"7":{"loc":{"start":{"line":68,"column":8},"end":{"line":68,"column":104}},"type":"binary-expr","locations":[{"start":{"line":68,"column":8},"end":{"line":68,"column":34}},{"start":{"line":68,"column":38},"end":{"line":68,"column":62}},{"start":{"line":68,"column":66},"end":{"line":68,"column":89}},{"start":{"line":68,"column":93},"end":{"line":68,"column":104}}]}},"s":{"0":0,"1":0,"2":0,"3":0,"4":0,"5":0,"6":0,"7":0,"8":0,"9":0,"10":0,"11":0,"12":0,"13":0,"14":0,"15":0,"16":0,"17":0,"18":0,"19":0,"20":0,"21":0,"22":0,"23":0,"24":0,"25":0,"26":0,"27":0,"28":0,"29":0,"30":0,"31":0,"32":0,"33":0,"34":0,"35":0,"36":0,"37":0,"38":0},"f":{"0":0,"1":0,"2":0},"b":{"0":[0,0],"1":[0,0],"2":[0,0],"3":[0,0],"4":[0,0],"5":[0,0],"6":[0,0],"7":[0,0,0,0]}}
,"D:\\Claude\\A16\\backend\\src\\routes\\score.routes.ts": {"path":"D:\\Claude\\A16\\backend\\src\\routes\\score.routes.ts","statementMap":{"0":{"start":{"line":1,"column":0},"end":{"line":1,"column":30}},"1":{"start":{"line":2,"column":0},"end":{"line":2,"column":58}},"2":{"start":{"line":4,"column":15},"end":{"line":4,"column":31}},"3":{"start":{"line":7,"column":0},"end":{"line":54,"column":3}},"4":{"start":{"line":8,"column":2},"end":{"line":53,"column":3}},"5":{"start":{"line":17,"column":8},"end":{"line":17,"column":16}},"6":{"start":{"line":20,"column":4},"end":{"line":22,"column":5}},"7":{"start":{"line":21,"column":6},"end":{"line":21,"column":55}},"8":{"start":{"line":25,"column":30},"end":{"line":25,"column":56}},"9":{"start":{"line":26,"column":28},"end":{"line":26,"column":85}},"10":{"start":{"line":28,"column":4},"end":{"line":30,"column":5}},"11":{"start":{"line":29,"column":6},"end":{"line":29,"column":56}},"12":{"start":{"line":32,"column":4},"end":{"line":34,"column":5}},"13":{"start":{"line":33,"column":6},"end":{"line":33,"column":56}},"14":{"start":{"line":36,"column":20},"end":{"line":44,"column":6}},"15":{"start":{"line":46,"column":4},"end":{"line":49,"column":7}},"16":{"start":{"line":51,"column":4},"end":{"line":51,"column":36}},"17":{"start":{"line":52,"column":4},"end":{"line":52,"column":47}},"18":{"start":{"line":57,"column":0},"end":{"line":73,"column":3}},"19":{"start":{"line":58,"column":2},"end":{"line":72,"column":3}},"20":{"start":{"line":59,"column":19},"end":{"line":59,"column":46}},"21":{"start":{"line":60,"column":18},"end":{"line":60,"column":59}},"22":{"start":{"line":62,"column":4},"end":{"line":64,"column":5}},"23":{"start":{"line":63,"column":6},"end":{"line":63,"column":56}},"24":{"start":{"line":66,"column":19},"end":{"line":66,"column":63}},"25":{"start":{"line":68,"column":4},"end":{"line":68,"column":25}},"26":{"start":{"line":70,"column":4},"end":{"line":70,"column":36}},"27":{"start":{"line":71,"column":4},"end":{"line":71,"column":47}},"28":{"start":{"line":76,"column":0},"end":{"line":108,"column":3}},"29":{"start":{"line":77,"column":2},"end":{"line":107,"column":3}},"30":{"start":{"line":78,"column":19},"end":{"line":78,"column":46}},"31":{"start":{"line":80,"column":4},"end":{"line":82,"column":5}},"32":{"start":{"line":81,"column":6},"end":{"line":81,"column":56}},"33":{"start":{"line":84,"column":20},"end":{"line":84,"column":63}},"34":{"start":{"line":87,"column":21},"end":{"line":89,"column":9}},"35":{"start":{"line":91,"column":4},"end":{"line":103,"column":7}},"36":{"start":{"line":105,"column":4},"end":{"line":105,"column":38}},"37":{"start":{"line":106,"column":4},"end":{"line":106,"column":47}},"38":{"start":{"line":111,"column":0},"end":{"line":127,"column":3}},"39":{"start":{"line":112,"column":2},"end":{"line":126,"column":3}},"40":{"start":{"line":113,"column":19},"end":{"line":113,"column":46}},"41":{"start":{"line":114,"column":18},"end":{"line":114,"column":59}},"42":{"start":{"line":116,"column":4},"end":{"line":118,"column":5}},"43":{"start":{"line":117,"column":6},"end":{"line":117,"column":56}},"44":{"start":{"line":120,"column":25},"end":{"line":120,"column":72}},"45":{"start":{"line":122,"column":4},"end":{"line":122,"column":31}},"46":{"start":{"line":124,"column":4},"end":{"line":124,"column":38}},"47":{"start":{"line":125,"column":4},"end":{"line":125,"column":47}},"48":{"start":{"line":129,"column":0},"end":{"line":129,"column":22}}},"fnMap":{"0":{"name":"(anonymous_1)","decl":{"start":{"line":7,"column":17},"end":{"line":7,"column":22}},"loc":{"start":{"line":7,"column":36},"end":{"line":54,"column":1}}},"1":{"name":"(anonymous_2)","decl":{"start":{"line":57,"column":28},"end":{"line":57,"column":33}},"loc":{"start":{"line":57,"column":47},"end":{"line":73,"column":1}}},"2":{"name":"(anonymous_3)","decl":{"start":{"line":76,"column":36},"end":{"line":76,"column":41}},"loc":{"start":{"line":76,"column":55},"end":{"line":108,"column":1}}},"3":{"name":"(anonymous_4)","decl":{"start":{"line":111,"column":35},"end":{"line":111,"column":40}},"loc":{"start":{"line":111,"column":54},"end":{"line":127,"column":1}}}},"branchMap":{"0":{"loc":{"start":{"line":20,"column":4},"end":{"line":22,"column":5}},"type":"if","locations":[{"start":{"line":20,"column":4},"end":{"line":22,"column":5}},{"start":{},"end":{}}]},"1":{"loc":{"start":{"line":20,"column":8},"end":{"line":20,"column":113}},"type":"binary-expr","locations":[{"start":{"line":20,"column":8},"end":{"line":20,"column":16}},{"start":{"line":20,"column":20},"end":{"line":20,"column":31}},{"start":{"line":20,"column":35},"end":{"line":20,"column":50}},{"start":{"line":20,"column":54},"end":{"line":20,"column":70}},{"start":{"line":20,"column":74},"end":{"line":20,"column":88}},{"start":{"line":20,"column":92},"end":{"line":20,"column":98}},{"start":{"line":20,"column":102},"end":{"line":20,"column":113}}]},"2":{"loc":{"start":{"line":28,"column":4},"end":{"line":30,"column":5}},"type":"if","locations":[{"start":{"line":28,"column":4},"end":{"line":30,"column":5}},{"start":{},"end":{}}]},"3":{"loc":{"start":{"line":32,"column":4},"end":{"line":34,"column":5}},"type":"if","locations":[{"start":{"line":32,"column":4},"end":{"line":34,"column":5}},{"start":{},"end":{}}]},"4":{"loc":{"start":{"line":60,"column":18},"end":{"line":60,"column":59}},"type":"binary-expr","locations":[{"start":{"line":60,"column":18},"end":{"line":60,"column":53}},{"start":{"line":60,"column":57},"end":{"line":60,"column":59}}]},"5":{"loc":{"start":{"line":62,"column":4},"end":{"line":64,"column":5}},"type":"if","locations":[{"start":{"line":62,"column":4},"end":{"line":64,"column":5}},{"start":{},"end":{}}]},"6":{"loc":{"start":{"line":80,"column":4},"end":{"line":82,"column":5}},"type":"if","locations":[{"start":{"line":80,"column":4},"end":{"line":82,"column":5}},{"start":{},"end":{}}]},"7":{"loc":{"start":{"line":87,"column":21},"end":{"line":89,"column":9}},"type":"cond-expr","locations":[{"start":{"line":88,"column":8},"end":{"line":88,"column":75}},{"start":{"line":89,"column":8},"end":{"line":89,"column":9}}]},"8":{"loc":{"start":{"line":96,"column":31},"end":{"line":96,"column":53}},"type":"binary-expr","locations":[{"start":{"line":96,"column":31},"end":{"line":96,"column":48}},{"start":{"line":96,"column":52},"end":{"line":96,"column":53}}]},"9":{"loc":{"start":{"line":97,"column":17},"end":{"line":97,"column":39}},"type":"binary-expr","locations":[{"start":{"line":97,"column":17},"end":{"line":97,"column":34}},{"start":{"line":97,"column":38},"end":{"line":97,"column":39}}]},"10":{"loc":{"start":{"line":99,"column":14},"end":{"line":99,"column":37}},"type":"binary-expr","locations":[{"start":{"line":99,"column":14},"end":{"line":99,"column":32}},{"start":{"line":99,"column":36},"end":{"line":99,"column":37}}]},"11":{"loc":{"start":{"line":100,"column":16},"end":{"line":100,"column":41}},"type":"binary-expr","locations":[{"start":{"line":100,"column":16},"end":{"line":100,"column":36}},{"start":{"line":100,"column":40},"end":{"line":100,"column":41}}]},"12":{"loc":{"start":{"line":101,"column":14},"end":{"line":101,"column":37}},"type":"binary-expr","locations":[{"start":{"line":101,"column":14},"end":{"line":101,"column":32}},{"start":{"line":101,"column":36},"end":{"line":101,"column":37}}]},"13":{"loc":{"start":{"line":114,"column":18},"end":{"line":114,"column":59}},"type":"binary-expr","locations":[{"start":{"line":114,"column":18},"end":{"line":114,"column":53}},{"start":{"line":114,"column":57},"end":{"line":114,"column":59}}]},"14":{"loc":{"start":{"line":116,"column":4},"end":{"line":118,"column":5}},"type":"if","locations":[{"start":{"line":116,"column":4},"end":{"line":118,"column":5}},{"start":{},"end":{}}]}},"s":{"0":0,"1":0,"2":0,"3":0,"4":0,"5":0,"6":0,"7":0,"8":0,"9":0,"10":0,"11":0,"12":0,"13":0,"14":0,"15":0,"16":0,"17":0,"18":0,"19":0,"20":0,"21":0,"22":0,"23":0,"24":0,"25":0,"26":0,"27":0,"28":0,"29":0,"30":0,"31":0,"32":0,"33":0,"34":0,"35":0,"36":0,"37":0,"38":0,"39":0,"40":0,"41":0,"42":0,"43":0,"44":0,"45":0,"46":0,"47":0,"48":0},"f":{"0":0,"1":0,"2":0,"3":0},"b":{"0":[0,0],"1":[0,0,0,0,0,0,0],"2":[0,0],"3":[0,0],"4":[0,0],"5":[0,0],"6":[0,0],"7":[0,0],"8":[0,0],"9":[0,0],"10":[0,0],"11":[0,0],"12":[0,0],"13":[0,0],"14":[0,0]}}
,"D:\\Claude\\A16\\backend\\src\\routes\\user.routes.ts": {"path":"D:\\Claude\\A16\\backend\\src\\routes\\user.routes.ts","statementMap":{"0":{"start":{"line":1,"column":0},"end":{"line":1,"column":30}},"1":{"start":{"line":2,"column":0},"end":{"line":2,"column":55}},"2":{"start":{"line":4,"column":15},"end":{"line":4,"column":31}},"3":{"start":{"line":7,"column":0},"end":{"line":41,"column":3}},"4":{"start":{"line":8,"column":2},"end":{"line":40,"column":3}},"5":{"start":{"line":9,"column":37},"end":{"line":9,"column":45}},"6":{"start":{"line":12,"column":4},"end":{"line":14,"column":5}},"7":{"start":{"line":13,"column":6},"end":{"line":13,"column":55}},"8":{"start":{"line":16,"column":4},"end":{"line":18,"column":5}},"9":{"start":{"line":17,"column":6},"end":{"line":17,"column":61}},"10":{"start":{"line":20,"column":4},"end":{"line":22,"column":5}},"11":{"start":{"line":21,"column":6},"end":{"line":21,"column":60}},"12":{"start":{"line":25,"column":25},"end":{"line":25,"column":65}},"13":{"start":{"line":26,"column":4},"end":{"line":28,"column":5}},"14":{"start":{"line":27,"column":6},"end":{"line":27,"column":55}},"15":{"start":{"line":30,"column":19},"end":{"line":30,"column":67}},"16":{"start":{"line":32,"column":4},"end":{"line":36,"column":7}},"17":{"start":{"line":38,"column":4},"end":{"line":38,"column":36}},"18":{"start":{"line":39,"column":4},"end":{"line":39,"column":47}},"19":{"start":{"line":44,"column":0},"end":{"line":63,"column":3}},"20":{"start":{"line":45,"column":2},"end":{"line":62,"column":3}},"21":{"start":{"line":46,"column":19},"end":{"line":46,"column":42}},"22":{"start":{"line":48,"column":4},"end":{"line":50,"column":5}},"23":{"start":{"line":49,"column":6},"end":{"line":49,"column":56}},"24":{"start":{"line":52,"column":17},"end":{"line":52,"column":49}},"25":{"start":{"line":54,"column":4},"end":{"line":56,"column":5}},"26":{"start":{"line":55,"column":6},"end":{"line":55,"column":54}},"27":{"start":{"line":58,"column":4},"end":{"line":58,"column":23}},"28":{"start":{"line":60,"column":4},"end":{"line":60,"column":38}},"29":{"start":{"line":61,"column":4},"end":{"line":61,"column":47}},"30":{"start":{"line":66,"column":0},"end":{"line":74,"column":3}},"31":{"start":{"line":67,"column":2},"end":{"line":73,"column":3}},"32":{"start":{"line":68,"column":18},"end":{"line":68,"column":43}},"33":{"start":{"line":69,"column":4},"end":{"line":69,"column":24}},"34":{"start":{"line":71,"column":4},"end":{"line":71,"column":38}},"35":{"start":{"line":72,"column":4},"end":{"line":72,"column":47}},"36":{"start":{"line":76,"column":0},"end":{"line":76,"column":22}}},"fnMap":{"0":{"name":"(anonymous_1)","decl":{"start":{"line":7,"column":17},"end":{"line":7,"column":22}},"loc":{"start":{"line":7,"column":36},"end":{"line":41,"column":1}}},"1":{"name":"(anonymous_2)","decl":{"start":{"line":44,"column":19},"end":{"line":44,"column":24}},"loc":{"start":{"line":44,"column":38},"end":{"line":63,"column":1}}},"2":{"name":"(anonymous_3)","decl":{"start":{"line":66,"column":16},"end":{"line":66,"column":21}},"loc":{"start":{"line":66,"column":35},"end":{"line":74,"column":1}}}},"branchMap":{"0":{"loc":{"start":{"line":12,"column":4},"end":{"line":14,"column":5}},"type":"if","locations":[{"start":{"line":12,"column":4},"end":{"line":14,"column":5}},{"start":{},"end":{}}]},"1":{"loc":{"start":{"line":12,"column":8},"end":{"line":12,"column":35}},"type":"binary-expr","locations":[{"start":{"line":12,"column":8},"end":{"line":12,"column":17}},{"start":{"line":12,"column":21},"end":{"line":12,"column":25}},{"start":{"line":12,"column":29},"end":{"line":12,"column":35}}]},"2":{"loc":{"start":{"line":16,"column":4},"end":{"line":18,"column":5}},"type":"if","locations":[{"start":{"line":16,"column":4},"end":{"line":18,"column":5}},{"start":{},"end":{}}]},"3":{"loc":{"start":{"line":16,"column":8},"end":{"line":16,"column":27}},"type":"binary-expr","locations":[{"start":{"line":16,"column":8},"end":{"line":16,"column":15}},{"start":{"line":16,"column":19},"end":{"line":16,"column":27}}]},"4":{"loc":{"start":{"line":20,"column":4},"end":{"line":22,"column":5}},"type":"if","locations":[{"start":{"line":20,"column":4},"end":{"line":22,"column":5}},{"start":{},"end":{}}]},"5":{"loc":{"start":{"line":20,"column":8},"end":{"line":20,"column":31}},"type":"binary-expr","locations":[{"start":{"line":20,"column":8},"end":{"line":20,"column":17}},{"start":{"line":20,"column":21},"end":{"line":20,"column":31}}]},"6":{"loc":{"start":{"line":26,"column":4},"end":{"line":28,"column":5}},"type":"if","locations":[{"start":{"line":26,"column":4},"end":{"line":28,"column":5}},{"start":{},"end":{}}]},"7":{"loc":{"start":{"line":48,"column":4},"end":{"line":50,"column":5}},"type":"if","locations":[{"start":{"line":48,"column":4},"end":{"line":50,"column":5}},{"start":{},"end":{}}]},"8":{"loc":{"start":{"line":54,"column":4},"end":{"line":56,"column":5}},"type":"if","locations":[{"start":{"line":54,"column":4},"end":{"line":56,"column":5}},{"start":{},"end":{}}]}},"s":{"0":0,"1":0,"2":0,"3":0,"4":0,"5":0,"6":0,"7":0,"8":0,"9":0,"10":0,"11":0,"12":0,"13":0,"14":0,"15":0,"16":0,"17":0,"18":0,"19":0,"20":0,"21":0,"22":0,"23":0,"24":0,"25":0,"26":0,"27":0,"28":0,"29":0,"30":0,"31":0,"32":0,"33":0,"34":0,"35":0,"36":0},"f":{"0":0,"1":0,"2":0},"b":{"0":[0,0],"1":[0,0,0],"2":[0,0],"3":[0,0],"4":[0,0],"5":[0,0],"6":[0,0],"7":[0,0],"8":[0,0]}}
,"D:\\Claude\\A16\\backend\\src\\services\\AnswerValidator.service.ts": {"path":"D:\\Claude\\A16\\backend\\src\\services\\AnswerValidator.service.ts","statementMap":{"0":{"start":{"line":7,"column":4},"end":{"line":9,"column":5}},"1":{"start":{"line":8,"column":6},"end":{"line":8,"column":55}},"2":{"start":{"line":10,"column":4},"end":{"line":10,"column":36}},"3":{"start":{"line":19,"column":20},"end":{"line":21,"column":18}},"4":{"start":{"line":24,"column":4},"end":{"line":26,"column":5}},"5":{"start":{"line":25,"column":6},"end":{"line":25,"column":19}},"6":{"start":{"line":29,"column":4},"end":{"line":31,"column":5}},"7":{"start":{"line":30,"column":6},"end":{"line":30,"column":39}},"8":{"start":{"line":34,"column":4},"end":{"line":34,"column":58}},"9":{"start":{"line":42,"column":4},"end":{"line":59,"column":5}},"10":{"start":{"line":43,"column":30},"end":{"line":49,"column":8}},"11":{"start":{"line":50,"column":6},"end":{"line":53,"column":8}},"12":{"start":{"line":55,"column":6},"end":{"line":58,"column":8}},"13":{"start":{"line":1,"column":0},"end":{"line":1,"column":13}},"14":{"start":{"line":63,"column":0},"end":{"line":63,"column":45}}},"fnMap":{"0":{"name":"(anonymous_0)","decl":{"start":{"line":4,"column":2},"end":{"line":4,"column":25}},"loc":{"start":{"line":4,"column":2},"end":{"line":4,"column":26}}},"1":{"name":"(anonymous_1)","decl":{"start":{"line":6,"column":9},"end":{"line":6,"column":15}},"loc":{"start":{"line":6,"column":27},"end":{"line":11,"column":3}}},"2":{"name":"(anonymous_2)","decl":{"start":{"line":13,"column":2},"end":{"line":13,"column":16}},"loc":{"start":{"line":16,"column":25},"end":{"line":35,"column":3}}},"3":{"name":"(anonymous_3)","decl":{"start":{"line":37,"column":2},"end":{"line":37,"column":13}},"loc":{"start":{"line":40,"column":25},"end":{"line":60,"column":3}}}},"branchMap":{"0":{"loc":{"start":{"line":7,"column":4},"end":{"line":9,"column":5}},"type":"if","locations":[{"start":{"line":7,"column":4},"end":{"line":9,"column":5}},{"start":{},"end":{}}]},"1":{"loc":{"start":{"line":16,"column":4},"end":{"line":16,"column":25}},"type":"default-arg","locations":[{"start":{"line":16,"column":24},"end":{"line":16,"column":25}}]},"2":{"loc":{"start":{"line":19,"column":20},"end":{"line":21,"column":18}},"type":"cond-expr","locations":[{"start":{"line":20,"column":8},"end":{"line":20,"column":30}},{"start":{"line":21,"column":8},"end":{"line":21,"column":18}}]},"3":{"loc":{"start":{"line":24,"column":4},"end":{"line":26,"column":5}},"type":"if","locations":[{"start":{"line":24,"column":4},"end":{"line":26,"column":5}},{"start":{},"end":{}}]},"4":{"loc":{"start":{"line":29,"column":4},"end":{"line":31,"column":5}},"type":"if","locations":[{"start":{"line":29,"column":4},"end":{"line":31,"column":5}},{"start":{},"end":{}}]},"5":{"loc":{"start":{"line":42,"column":4},"end":{"line":59,"column":5}},"type":"if","locations":[{"start":{"line":42,"column":4},"end":{"line":59,"column":5}},{"start":{"line":54,"column":11},"end":{"line":59,"column":5}}]}},"s":{"0":0,"1":0,"2":0,"3":0,"4":0,"5":0,"6":0,"7":0,"8":0,"9":0,"10":0,"11":0,"12":0,"13":0,"14":0},"f":{"0":0,"1":0,"2":0,"3":0},"b":{"0":[0,0],"1":[0],"2":[0,0],"3":[0,0],"4":[0,0],"5":[0,0]}}
,"D:\\Claude\\A16\\backend\\src\\services\\QuestionGenerator.service.ts": {"path":"D:\\Claude\\A16\\backend\\src\\services\\QuestionGenerator.service.ts","statementMap":{"0":{"start":{"line":21,"column":26},"end":{"line":40,"column":2}},"1":{"start":{"line":48,"column":4},"end":{"line":50,"column":5}},"2":{"start":{"line":49,"column":6},"end":{"line":49,"column":79}},"3":{"start":{"line":51,"column":4},"end":{"line":51,"column":48}},"4":{"start":{"line":55,"column":19},"end":{"line":55,"column":60}},"5":{"start":{"line":56,"column":12},"end":{"line":56,"column":66}},"6":{"start":{"line":57,"column":12},"end":{"line":57,"column":66}},"7":{"start":{"line":60,"column":4},"end":{"line":110,"column":5}},"8":{"start":{"line":62,"column":8},"end":{"line":62,"column":23}},"9":{"start":{"line":63,"column":8},"end":{"line":63,"column":14}},"10":{"start":{"line":67,"column":8},"end":{"line":67,"column":35}},"11":{"start":{"line":67,"column":19},"end":{"line":67,"column":35}},"12":{"start":{"line":68,"column":8},"end":{"line":68,"column":23}},"13":{"start":{"line":69,"column":8},"end":{"line":69,"column":14}},"14":{"start":{"line":72,"column":8},"end":{"line":72,"column":23}},"15":{"start":{"line":73,"column":8},"end":{"line":73,"column":14}},"16":{"start":{"line":78,"column":23},"end":{"line":78,"column":39}},"17":{"start":{"line":79,"column":23},"end":{"line":79,"column":39}},"18":{"start":{"line":82,"column":24},"end":{"line":82,"column":58}},"19":{"start":{"line":85,"column":28},"end":{"line":85,"column":56}},"20":{"start":{"line":86,"column":28},"end":{"line":86,"column":68}},"21":{"start":{"line":88,"column":8},"end":{"line":105,"column":9}},"22":{"start":{"line":89,"column":27},"end":{"line":89,"column":71}},"23":{"start":{"line":90,"column":10},"end":{"line":90,"column":33}},"24":{"start":{"line":91,"column":10},"end":{"line":91,"column":22}},"25":{"start":{"line":92,"column":10},"end":{"line":92,"column":28}},"26":{"start":{"line":96,"column":27},"end":{"line":96,"column":51}},"27":{"start":{"line":98,"column":34},"end":{"line":100,"column":null}},"28":{"start":{"line":102,"column":10},"end":{"line":102,"column":41}},"29":{"start":{"line":103,"column":10},"end":{"line":103,"column":30}},"30":{"start":{"line":104,"column":10},"end":{"line":104,"column":28}},"31":{"start":{"line":106,"column":8},"end":{"line":106,"column":14}},"32":{"start":{"line":109,"column":8},"end":{"line":109,"column":54}},"33":{"start":{"line":112,"column":4},"end":{"line":118,"column":6}},"34":{"start":{"line":122,"column":19},"end":{"line":122,"column":63}},"35":{"start":{"line":123,"column":4},"end":{"line":128,"column":6}},"36":{"start":{"line":132,"column":4},"end":{"line":132,"column":61}},"37":{"start":{"line":136,"column":53},"end":{"line":141,"column":6}},"38":{"start":{"line":142,"column":4},"end":{"line":142,"column":36}},"39":{"start":{"line":146,"column":4},"end":{"line":146,"column":72}},"40":{"start":{"line":42,"column":0},"end":{"line":42,"column":13}},"41":{"start":{"line":150,"column":0},"end":{"line":150,"column":57}}},"fnMap":{"0":{"name":"(anonymous_0)","decl":{"start":{"line":45,"column":2},"end":{"line":45,"column":25}},"loc":{"start":{"line":45,"column":2},"end":{"line":45,"column":26}}},"1":{"name":"(anonymous_1)","decl":{"start":{"line":47,"column":9},"end":{"line":47,"column":15}},"loc":{"start":{"line":47,"column":27},"end":{"line":52,"column":3}}},"2":{"name":"(anonymous_2)","decl":{"start":{"line":54,"column":2},"end":{"line":54,"column":18}},"loc":{"start":{"line":54,"column":71},"end":{"line":119,"column":3}}},"3":{"name":"(anonymous_3)","decl":{"start":{"line":121,"column":10},"end":{"line":121,"column":19}},"loc":{"start":{"line":121,"column":72},"end":{"line":129,"column":3}}},"4":{"name":"(anonymous_4)","decl":{"start":{"line":131,"column":10},"end":{"line":131,"column":23}},"loc":{"start":{"line":131,"column":48},"end":{"line":133,"column":3}}},"5":{"name":"(anonymous_5)","decl":{"start":{"line":135,"column":10},"end":{"line":135,"column":21}},"loc":{"start":{"line":135,"column":50},"end":{"line":143,"column":3}}},"6":{"name":"(anonymous_6)","decl":{"start":{"line":145,"column":10},"end":{"line":145,"column":20}},"loc":{"start":{"line":145,"column":20},"end":{"line":147,"column":3}}}},"branchMap":{"0":{"loc":{"start":{"line":48,"column":4},"end":{"line":50,"column":5}},"type":"if","locations":[{"start":{"line":48,"column":4},"end":{"line":50,"column":5}},{"start":{},"end":{}}]},"1":{"loc":{"start":{"line":60,"column":4},"end":{"line":110,"column":5}},"type":"switch","locations":[{"start":{"line":61,"column":6},"end":{"line":63,"column":14}},{"start":{"line":65,"column":6},"end":{"line":69,"column":14}},{"start":{"line":71,"column":6},"end":{"line":73,"column":14}},{"start":{"line":75,"column":6},"end":{"line":106,"column":14}},{"start":{"line":108,"column":6},"end":{"line":109,"column":54}}]},"2":{"loc":{"start":{"line":67,"column":8},"end":{"line":67,"column":35}},"type":"if","locations":[{"start":{"line":67,"column":8},"end":{"line":67,"column":35}},{"start":{},"end":{}}]},"3":{"loc":{"start":{"line":88,"column":8},"end":{"line":105,"column":9}},"type":"if","locations":[{"start":{"line":88,"column":8},"end":{"line":105,"column":9}},{"start":{"line":93,"column":15},"end":{"line":105,"column":9}}]}},"s":{"0":1,"1":1,"2":1,"3":1,"4":220,"5":218,"6":218,"7":218,"8":106,"9":106,"10":4,"11":2,"12":4,"13":4,"14":104,"15":104,"16":4,"17":4,"18":4,"19":4,"20":4,"21":4,"22":4,"23":4,"24":4,"25":4,"26":0,"27":0,"28":0,"29":0,"30":0,"31":4,"32":0,"33":218,"34":220,"35":219,"36":444,"37":218,"38":218,"39":218,"40":1,"41":1},"f":{"0":1,"1":1,"2":220,"3":220,"4":444,"5":218,"6":218},"b":{"0":[1,0],"1":[106,4,104,4,0],"2":[2,2],"3":[4,0]}}
,"D:\\Claude\\A16\\backend\\src\\services\\ScoreCalculator.service.ts": {"path":"D:\\Claude\\A16\\backend\\src\\services\\ScoreCalculator.service.ts","statementMap":{"0":{"start":{"line":9,"column":4},"end":{"line":11,"column":5}},"1":{"start":{"line":10,"column":6},"end":{"line":10,"column":55}},"2":{"start":{"line":12,"column":4},"end":{"line":12,"column":36}},"3":{"start":{"line":22,"column":22},"end":{"line":22,"column":55}},"4":{"start":{"line":25,"column":28},"end":{"line":25,"column":63}},"5":{"start":{"line":28,"column":22},"end":{"line":28,"column":80}},"6":{"start":{"line":31,"column":23},"end":{"line":31,"column":77}},"7":{"start":{"line":33,"column":4},"end":{"line":33,"column":34}},"8":{"start":{"line":37,"column":48},"end":{"line":41,"column":6}},"9":{"start":{"line":42,"column":4},"end":{"line":42,"column":31}},"10":{"start":{"line":46,"column":31},"end":{"line":46,"column":56}},"11":{"start":{"line":49,"column":52},"end":{"line":53,"column":6}},"12":{"start":{"line":55,"column":23},"end":{"line":55,"column":46}},"13":{"start":{"line":58,"column":4},"end":{"line":62,"column":5}},"14":{"start":{"line":60,"column":20},"end":{"line":60,"column":71}},"15":{"start":{"line":61,"column":6},"end":{"line":61,"column":19}},"16":{"start":{"line":64,"column":4},"end":{"line":64,"column":13}},"17":{"start":{"line":68,"column":4},"end":{"line":68,"column":38}},"18":{"start":{"line":68,"column":21},"end":{"line":68,"column":38}},"19":{"start":{"line":69,"column":4},"end":{"line":69,"column":37}},"20":{"start":{"line":69,"column":21},"end":{"line":69,"column":37}},"21":{"start":{"line":70,"column":4},"end":{"line":70,"column":38}},"22":{"start":{"line":70,"column":21},"end":{"line":70,"column":38}},"23":{"start":{"line":71,"column":4},"end":{"line":71,"column":37}},"24":{"start":{"line":71,"column":21},"end":{"line":71,"column":37}},"25":{"start":{"line":72,"column":4},"end":{"line":72,"column":21}},"26":{"start":{"line":3,"column":0},"end":{"line":3,"column":13}},"27":{"start":{"line":76,"column":0},"end":{"line":76,"column":45}}},"fnMap":{"0":{"name":"(anonymous_0)","decl":{"start":{"line":6,"column":2},"end":{"line":6,"column":25}},"loc":{"start":{"line":6,"column":2},"end":{"line":6,"column":26}}},"1":{"name":"(anonymous_1)","decl":{"start":{"line":8,"column":9},"end":{"line":8,"column":15}},"loc":{"start":{"line":8,"column":27},"end":{"line":13,"column":3}}},"2":{"name":"(anonymous_2)","decl":{"start":{"line":15,"column":2},"end":{"line":15,"column":16}},"loc":{"start":{"line":19,"column":26},"end":{"line":34,"column":3}}},"3":{"name":"(anonymous_3)","decl":{"start":{"line":36,"column":10},"end":{"line":36,"column":28}},"loc":{"start":{"line":36,"column":51},"end":{"line":43,"column":3}}},"4":{"name":"(anonymous_4)","decl":{"start":{"line":45,"column":10},"end":{"line":45,"column":28}},"loc":{"start":{"line":45,"column":93},"end":{"line":65,"column":3}}},"5":{"name":"(anonymous_5)","decl":{"start":{"line":67,"column":2},"end":{"line":67,"column":21}},"loc":{"start":{"line":67,"column":35},"end":{"line":73,"column":3}}}},"branchMap":{"0":{"loc":{"start":{"line":9,"column":4},"end":{"line":11,"column":5}},"type":"if","locations":[{"start":{"line":9,"column":4},"end":{"line":11,"column":5}},{"start":{},"end":{}}]},"1":{"loc":{"start":{"line":58,"column":4},"end":{"line":62,"column":5}},"type":"if","locations":[{"start":{"line":58,"column":4},"end":{"line":62,"column":5}},{"start":{},"end":{}}]},"2":{"loc":{"start":{"line":68,"column":4},"end":{"line":68,"column":38}},"type":"if","locations":[{"start":{"line":68,"column":4},"end":{"line":68,"column":38}},{"start":{},"end":{}}]},"3":{"loc":{"start":{"line":69,"column":4},"end":{"line":69,"column":37}},"type":"if","locations":[{"start":{"line":69,"column":4},"end":{"line":69,"column":37}},{"start":{},"end":{}}]},"4":{"loc":{"start":{"line":70,"column":4},"end":{"line":70,"column":38}},"type":"if","locations":[{"start":{"line":70,"column":4},"end":{"line":70,"column":38}},{"start":{},"end":{}}]},"5":{"loc":{"start":{"line":71,"column":4},"end":{"line":71,"column":37}},"type":"if","locations":[{"start":{"line":71,"column":4},"end":{"line":71,"column":37}},{"start":{},"end":{}}]}},"s":{"0":0,"1":0,"2":0,"3":0,"4":0,"5":0,"6":0,"7":0,"8":0,"9":0,"10":0,"11":0,"12":0,"13":0,"14":0,"15":0,"16":0,"17":0,"18":0,"19":0,"20":0,"21":0,"22":0,"23":0,"24":0,"25":0,"26":0,"27":0},"f":{"0":0,"1":0,"2":0,"3":0,"4":0,"5":0},"b":{"0":[0,0],"1":[0,0],"2":[0,0],"3":[0,0],"4":[0,0],"5":[0,0]}}
}
